[2021-11-19 05:36:27.751] [settingssync] [info] Using settings sync service https://vscode-sync.trafficmanager.net/
[2021-11-19 05:36:27.752] [settingssync] [info] Auto Sync is disabled.
[2021-11-19 05:37:48.327] [settingssync] [info] Did reset the local sync state.
[2021-11-19 05:37:54.843] [settingssync] [info] Settings: Updated remote settings
[2021-11-19 05:37:54.854] [settingssync] [info] Settings: Updated last synchronized settings
[2021-11-19 05:37:54.856] [settingssync] [info] Keybindings: No changes found during synchronizing keybindings.
[2021-11-19 05:37:54.860] [settingssync] [info] Keybindings: Updated last synchronized keybindings
[2021-11-19 05:37:54.862] [settingssync] [info] Snippets: No changes found during synchronizing snippets.
[2021-11-19 05:37:54.868] [settingssync] [info] Snippets: Updated last synchronized snippets
[2021-11-19 05:37:56.736] [settingssync] [info] GlobalState: Updated remote ui state
[2021-11-19 05:37:56.746] [settingssync] [info] GlobalState: Updated last synchronized ui state
[2021-11-19 05:37:57.834] [settingssync] [info] Extensions: Updated remote extensions. Added: ["vscode.bat","vscode.clojure","vscode.coffeescript","vscode.configuration-editing","vscode.cpp","vscode.csharp","vscode.css","vscode.css-language-features","vscode.dart","vscode.debug-auto-launch","vscode.debug-server-ready","vscode.docker","vscode.emmet","vscode.extension-editing","vscode.fsharp","vscode.git","vscode.github","vscode.github-authentication","vscode.go","vscode.groovy","vscode.grunt","vscode.gulp","vscode.handlebars","vscode.hlsl","vscode.html","vscode.html-language-features","vscode.image-preview","vscode.ini","vscode.ipynb","vscode.jake","vscode.java","vscode.javascript","vscode.json","vscode.json-language-features","vscode.julia","vscode.less","vscode.log","vscode.lua","vscode.make","vscode.markdown","vscode.markdown-language-features","vscode.markdown-math","vscode.merge-conflict","vscode.microsoft-authentication","ms-vscode.js-debug","ms-vscode.js-debug-companion","ms-vscode.references-view","ms-vscode.vscode-js-profile-table","vscode.npm","vscode.objective-c","vscode.perl","vscode.php","vscode.php-language-features","vscode.powershell","vscode.pug","vscode.python","vscode.r","vscode.razor","vscode.ruby","vscode.rust","vscode.scss","vscode.search-result","vscode.shaderlab","vscode.shellscript","vscode.simple-browser","vscode.sql","vscode.swift","vscode.theme-abyss","vscode.theme-defaults","vscode.theme-kimbie-dark","vscode.theme-monokai","vscode.theme-monokai-dimmed","vscode.theme-quietlight","vscode.theme-red","vscode.vscode-theme-seti","vscode.theme-solarized-dark","vscode.theme-solarized-light","vscode.theme-tomorrow-night-blue","vscode.typescript","vscode.typescript-language-features","vscode.vb","vscode.xml","vscode.yaml","cschlosser.doxdocgen","emmanuelbeziat.vscode-great-icons","github.github-vscode-theme","jeff-hykin.better-cpp-syntax","ms-vscode-remote.remote-containers","ms-vscode-remote.remote-ssh","ms-vscode-remote.remote-ssh-edit","ms-vscode-remote.remote-wsl","ms-vscode.cmake-tools","ms-vscode.cpptools","ms-vscode.cpptools-extension-pack","ms-vscode.cpptools-themes","twxs.cmake"].
[2021-11-19 05:37:57.844] [settingssync] [info] Extensions: Updated last synchronized extensions.
[2021-11-19 05:37:57.910] [settingssync] [info] Auto Sync: Started
[2021-11-19 05:37:57.911] [settingssync] [info] Auto Sync: Triggered by Interval
[2021-11-19 05:37:59.499] [settingssync] [info] Settings: No changes found during synchronizing settings.
[2021-11-19 05:37:59.504] [settingssync] [info] Keybindings: No changes found during synchronizing keybindings.
[2021-11-19 05:37:59.507] [settingssync] [info] Snippets: No changes found during synchronizing snippets.
[2021-11-19 05:38:00.788] [settingssync] [info] GlobalState: Updated remote ui state
[2021-11-19 05:38:00.796] [settingssync] [info] GlobalState: Updated last synchronized ui state
[2021-11-19 05:38:00.889] [settingssync] [info] Extensions: No changes found during synchronizing extensions.
[2021-11-19 05:38:00.890] [settingssync] [info] Sync done. Took 1395ms
[2021-11-19 05:38:01.752] [settingssync] [info] Auto Sync: Triggered by Activity
[2021-11-19 05:38:02.485] [settingssync] [info] Settings: No changes found during synchronizing settings.
[2021-11-19 05:38:02.489] [settingssync] [info] Keybindings: No changes found during synchronizing keybindings.
[2021-11-19 05:38:02.492] [settingssync] [info] Snippets: No changes found during synchronizing snippets.
[2021-11-19 05:38:02.498] [settingssync] [info] GlobalState: No changes found during synchronizing ui state.
[2021-11-19 05:38:02.576] [settingssync] [info] Extensions: No changes found during synchronizing extensions.
[2021-11-19 05:38:02.577] [settingssync] [info] Sync done. Took 94ms
[2021-11-19 05:38:15.347] [settingssync] [info] Auto Sync: Triggered by Activity
[2021-11-19 05:38:15.866] [settingssync] [info] Settings: No changes found during synchronizing settings.
[2021-11-19 05:38:15.869] [settingssync] [info] Keybindings: No changes found during synchronizing keybindings.
[2021-11-19 05:38:15.872] [settingssync] [info] Snippets: No changes found during synchronizing snippets.
[2021-11-19 05:38:16.982] [settingssync] [info] GlobalState: Updated remote ui state
[2021-11-19 05:38:16.985] [settingssync] [info] GlobalState: Updated last synchronized ui state
[2021-11-19 05:38:17.049] [settingssync] [info] Extensions: No changes found during synchronizing extensions.
[2021-11-19 05:38:17.050] [settingssync] [info] Sync done. Took 1186ms
[2021-11-19 05:38:24.606] [settingssync] [info] Auto Sync: Triggered by Activity
[2021-11-19 05:38:25.342] [settingssync] [info] Settings: No changes found during synchronizing settings.
[2021-11-19 05:38:25.346] [settingssync] [info] Keybindings: No changes found during synchronizing keybindings.
[2021-11-19 05:38:25.350] [settingssync] [info] Snippets: No changes found during synchronizing snippets.
[2021-11-19 05:38:26.407] [settingssync] [info] GlobalState: Updated remote ui state
[2021-11-19 05:38:26.417] [settingssync] [info] GlobalState: Updated last synchronized ui state
[2021-11-19 05:38:26.507] [settingssync] [info] Extensions: No changes found during synchronizing extensions.
[2021-11-19 05:38:26.510] [settingssync] [info] Sync done. Took 1173ms
[2021-11-19 05:38:35.598] [settingssync] [info] Auto Sync: Triggered by Activity
[2021-11-19 05:38:36.244] [settingssync] [info] Settings: No changes found during synchronizing settings.
[2021-11-19 05:38:36.249] [settingssync] [info] Keybindings: No changes found during synchronizing keybindings.
[2021-11-19 05:38:36.253] [settingssync] [info] Snippets: No changes found during synchronizing snippets.
[2021-11-19 05:38:36.270] [settingssync] [info] GlobalState: No changes found during synchronizing ui state.
[2021-11-19 05:38:36.443] [settingssync] [info] Extensions: No changes found during synchronizing extensions.
[2021-11-19 05:38:36.446] [settingssync] [info] Sync done. Took 206ms
[2021-11-19 05:38:42.656] [settingssync] [info] Auto Sync: Triggered by Activity
[2021-11-19 05:38:43.813] [settingssync] [info] Settings: Updated remote settings
[2021-11-19 05:38:43.827] [settingssync] [info] Settings: Updated last synchronized settings
[2021-11-19 05:38:43.836] [settingssync] [info] Keybindings: No changes found during synchronizing keybindings.
[2021-11-19 05:38:43.842] [settingssync] [info] Snippets: No changes found during synchronizing snippets.
[2021-11-19 05:38:43.857] [settingssync] [info] GlobalState: No changes found during synchronizing ui state.
[2021-11-19 05:38:43.958] [settingssync] [info] Extensions: No changes found during synchronizing extensions.
[2021-11-19 05:38:43.960] [settingssync] [info] Sync done. Took 862ms
[2021-11-19 05:38:47.250] [settingssync] [info] Auto Sync: Triggered by Activity
[2021-11-19 05:38:48.116] [settingssync] [info] Settings: Updated remote settings
[2021-11-19 05:38:48.130] [settingssync] [info] Settings: Updated last synchronized settings
[2021-11-19 05:38:48.136] [settingssync] [info] Keybindings: No changes found during synchronizing keybindings.
[2021-11-19 05:38:48.142] [settingssync] [info] Snippets: No changes found during synchronizing snippets.
[2021-11-19 05:38:48.154] [settingssync] [info] GlobalState: No changes found during synchronizing ui state.
[2021-11-19 05:38:48.257] [settingssync] [info] Extensions: No changes found during synchronizing extensions.
[2021-11-19 05:38:48.259] [settingssync] [info] Sync done. Took 554ms
[2021-11-19 05:38:51.412] [settingssync] [info] Auto Sync: Triggered by Activity
[2021-11-19 05:38:52.314] [settingssync] [info] Settings: Updated remote settings
[2021-11-19 05:38:52.327] [settingssync] [info] Settings: Updated last synchronized settings
[2021-11-19 05:38:52.336] [settingssync] [info] Keybindings: No changes found during synchronizing keybindings.
[2021-11-19 05:38:52.341] [settingssync] [info] Snippets: No changes found during synchronizing snippets.
[2021-11-19 05:38:52.371] [settingssync] [info] GlobalState: No changes found during synchronizing ui state.
[2021-11-19 05:38:52.463] [settingssync] [info] Extensions: No changes found during synchronizing extensions.
[2021-11-19 05:38:52.465] [settingssync] [info] Sync done. Took 560ms
[2021-11-19 05:39:08.199] [settingssync] [info] Auto Sync: Triggered by Activity
[2021-11-19 05:39:09.004] [settingssync] [info] Settings: Updated remote settings
[2021-11-19 05:39:09.011] [settingssync] [info] Settings: Updated last synchronized settings
[2021-11-19 05:39:09.018] [settingssync] [info] Keybindings: No changes found during synchronizing keybindings.
[2021-11-19 05:39:09.023] [settingssync] [info] Snippets: No changes found during synchronizing snippets.
[2021-11-19 05:39:09.035] [settingssync] [info] GlobalState: No changes found during synchronizing ui state.
[2021-11-19 05:39:09.146] [settingssync] [info] Extensions: No changes found during synchronizing extensions.
[2021-11-19 05:39:09.148] [settingssync] [info] Sync done. Took 554ms
[2021-11-19 05:39:26.280] [settingssync] [info] Auto Sync: Triggered by Activity
[2021-11-19 05:39:26.723] [settingssync] [info] Settings: No changes found during synchronizing settings.
[2021-11-19 05:39:26.727] [settingssync] [info] Keybindings: No changes found during synchronizing keybindings.
[2021-11-19 05:39:26.730] [settingssync] [info] Snippets: No changes found during synchronizing snippets.
[2021-11-19 05:39:27.640] [settingssync] [info] GlobalState: Updated remote ui state
[2021-11-19 05:39:27.650] [settingssync] [info] GlobalState: Updated last synchronized ui state
[2021-11-19 05:39:27.731] [settingssync] [info] Extensions: No changes found during synchronizing extensions.
[2021-11-19 05:39:27.732] [settingssync] [info] Sync done. Took 1013ms
[2021-11-19 05:39:28.026] [settingssync] [info] Auto Sync: Triggered by Activity
[2021-11-19 05:39:28.468] [settingssync] [info] Settings: No changes found during synchronizing settings.
[2021-11-19 05:39:28.476] [settingssync] [info] Keybindings: No changes found during synchronizing keybindings.
[2021-11-19 05:39:28.482] [settingssync] [info] Snippets: No changes found during synchronizing snippets.
[2021-11-19 05:39:28.494] [settingssync] [info] GlobalState: No changes found during synchronizing ui state.
[2021-11-19 05:39:28.581] [settingssync] [info] Extensions: No changes found during synchronizing extensions.
[2021-11-19 05:39:28.583] [settingssync] [info] Sync done. Took 122ms
[2021-11-19 05:39:38.608] [settingssync] [info] Auto Sync: Triggered by Activity
[2021-11-19 05:39:39.012] [settingssync] [info] Settings: No changes found during synchronizing settings.
[2021-11-19 05:39:39.018] [settingssync] [info] Keybindings: No changes found during synchronizing keybindings.
[2021-11-19 05:39:39.025] [settingssync] [info] Snippets: No changes found during synchronizing snippets.
[2021-11-19 05:39:39.724] [settingssync] [info] GlobalState: Updated remote ui state
[2021-11-19 05:39:39.729] [settingssync] [info] GlobalState: Updated last synchronized ui state
[2021-11-19 05:39:39.805] [settingssync] [info] Extensions: No changes found during synchronizing extensions.
[2021-11-19 05:39:39.809] [settingssync] [info] Sync done. Took 802ms
[2021-11-19 05:40:51.025] [settingssync] [info] Auto Sync: Triggered by Activity
[2021-11-19 05:40:51.408] [settingssync] [info] Settings: No changes found during synchronizing settings.
[2021-11-19 05:40:51.413] [settingssync] [info] Keybindings: No changes found during synchronizing keybindings.
[2021-11-19 05:40:51.418] [settingssync] [info] Snippets: No changes found during synchronizing snippets.
[2021-11-19 05:40:51.437] [settingssync] [info] GlobalState: No changes found during synchronizing ui state.
[2021-11-19 05:40:51.533] [settingssync] [info] Extensions: No changes found during synchronizing extensions.
[2021-11-19 05:40:51.535] [settingssync] [info] Sync done. Took 131ms
[2021-11-19 05:40:54.212] [settingssync] [info] Auto Sync: Triggered by Activity
[2021-11-19 05:40:54.581] [settingssync] [info] Settings: No changes found during synchronizing settings.
[2021-11-19 05:40:54.585] [settingssync] [info] Keybindings: No changes found during synchronizing keybindings.
[2021-11-19 05:40:54.588] [settingssync] [info] Snippets: No changes found during synchronizing snippets.
[2021-11-19 05:40:55.294] [settingssync] [info] GlobalState: Updated remote ui state
[2021-11-19 05:40:55.304] [settingssync] [info] GlobalState: Updated last synchronized ui state
[2021-11-19 05:40:55.385] [settingssync] [info] Extensions: No changes found during synchronizing extensions.
[2021-11-19 05:40:55.386] [settingssync] [info] Sync done. Took 809ms
[2021-11-19 05:41:08.929] [settingssync] [info] Auto Sync: Triggered by Activity
[2021-11-19 05:41:09.331] [settingssync] [info] Settings: No changes found during synchronizing settings.
[2021-11-19 05:41:09.343] [settingssync] [info] Keybindings: No changes found during synchronizing keybindings.
[2021-11-19 05:41:09.349] [settingssync] [info] Snippets: No changes found during synchronizing snippets.
[2021-11-19 05:41:10.067] [settingssync] [info] GlobalState: Updated remote ui state
[2021-11-19 05:41:10.077] [settingssync] [info] GlobalState: Updated last synchronized ui state
[2021-11-19 05:41:10.188] [settingssync] [info] Extensions: No changes found during synchronizing extensions.
[2021-11-19 05:41:10.191] [settingssync] [info] Sync done. Took 866ms
[2021-11-19 05:41:10.193] [settingssync] [info] Auto Sync: Triggered by Activity
[2021-11-19 05:41:10.662] [settingssync] [info] Settings: No changes found during synchronizing settings.
[2021-11-19 05:41:10.666] [settingssync] [info] Keybindings: No changes found during synchronizing keybindings.
[2021-11-19 05:41:10.669] [settingssync] [info] Snippets: No changes found during synchronizing snippets.
[2021-11-19 05:41:10.678] [settingssync] [info] GlobalState: No changes found during synchronizing ui state.
[2021-11-19 05:41:10.778] [settingssync] [info] Extensions: No changes found during synchronizing extensions.
[2021-11-19 05:41:10.779] [settingssync] [info] Sync done. Took 123ms
[2021-11-19 05:41:26.040] [settingssync] [info] Auto Sync: Triggered by Activity
[2021-11-19 05:41:26.833] [settingssync] [info] Settings: Updated remote settings
[2021-11-19 05:41:26.843] [settingssync] [info] Settings: Updated last synchronized settings
[2021-11-19 05:41:26.846] [settingssync] [info] Keybindings: No changes found during synchronizing keybindings.
[2021-11-19 05:41:26.848] [settingssync] [info] Snippets: No changes found during synchronizing snippets.
[2021-11-19 05:41:26.857] [settingssync] [info] GlobalState: No changes found during synchronizing ui state.
[2021-11-19 05:41:26.915] [settingssync] [info] Extensions: No changes found during synchronizing extensions.
[2021-11-19 05:41:26.916] [settingssync] [info] Sync done. Took 491ms
[2021-11-19 05:41:30.946] [settingssync] [info] Auto Sync: Triggered by Activity
[2021-11-19 05:41:31.750] [settingssync] [info] Settings: Updated remote settings
[2021-11-19 05:41:31.762] [settingssync] [info] Settings: Updated last synchronized settings
[2021-11-19 05:41:31.765] [settingssync] [info] Keybindings: No changes found during synchronizing keybindings.
[2021-11-19 05:41:31.769] [settingssync] [info] Snippets: No changes found during synchronizing snippets.
[2021-11-19 05:41:31.779] [settingssync] [info] GlobalState: No changes found during synchronizing ui state.
[2021-11-19 05:41:31.853] [settingssync] [info] Extensions: No changes found during synchronizing extensions.
[2021-11-19 05:41:31.854] [settingssync] [info] Sync done. Took 514ms
[2021-11-19 05:41:35.002] [settingssync] [info] Auto Sync: Triggered by Activity
[2021-11-19 05:41:36.051] [settingssync] [info] Settings: Updated remote settings
[2021-11-19 05:41:36.062] [settingssync] [info] Settings: Updated last synchronized settings
[2021-11-19 05:41:36.069] [settingssync] [info] Keybindings: No changes found during synchronizing keybindings.
[2021-11-19 05:41:36.074] [settingssync] [info] Snippets: No changes found during synchronizing snippets.
[2021-11-19 05:41:36.087] [settingssync] [info] GlobalState: No changes found during synchronizing ui state.
[2021-11-19 05:41:36.203] [settingssync] [info] Extensions: No changes found during synchronizing extensions.
[2021-11-19 05:41:36.204] [settingssync] [info] Sync done. Took 766ms
[2021-11-19 05:41:38.393] [settingssync] [info] Auto Sync: Triggered by Activity
[2021-11-19 05:41:39.428] [settingssync] [info] Settings: Updated remote settings
[2021-11-19 05:41:39.439] [settingssync] [info] Settings: Updated last synchronized settings
[2021-11-19 05:41:39.446] [settingssync] [info] Keybindings: No changes found during synchronizing keybindings.
[2021-11-19 05:41:39.451] [settingssync] [info] Snippets: No changes found during synchronizing snippets.
[2021-11-19 05:41:39.462] [settingssync] [info] GlobalState: No changes found during synchronizing ui state.
[2021-11-19 05:41:39.520] [settingssync] [info] Extensions: No changes found during synchronizing extensions.
[2021-11-19 05:41:39.521] [settingssync] [info] Sync done. Took 758ms
[2021-11-19 05:41:41.734] [settingssync] [info] Auto Sync: Triggered by Activity
[2021-11-19 05:41:42.430] [settingssync] [info] Settings: Updated remote settings
[2021-11-19 05:41:42.439] [settingssync] [info] Settings: Updated last synchronized settings
[2021-11-19 05:41:42.445] [settingssync] [info] Keybindings: No changes found during synchronizing keybindings.
[2021-11-19 05:41:42.449] [settingssync] [info] Snippets: No changes found during synchronizing snippets.
[2021-11-19 05:41:42.458] [settingssync] [info] GlobalState: No changes found during synchronizing ui state.
[2021-11-19 05:41:42.532] [settingssync] [info] Extensions: No changes found during synchronizing extensions.
[2021-11-19 05:41:42.533] [settingssync] [info] Sync done. Took 454ms
[2021-11-19 05:41:44.341] [settingssync] [info] Auto Sync: Triggered by Activity
[2021-11-19 05:41:45.372] [settingssync] [info] Settings: Updated remote settings
[2021-11-19 05:41:45.381] [settingssync] [info] Settings: Updated last synchronized settings
[2021-11-19 05:41:45.384] [settingssync] [info] Keybindings: No changes found during synchronizing keybindings.
[2021-11-19 05:41:45.387] [settingssync] [info] Snippets: No changes found during synchronizing snippets.
[2021-11-19 05:41:45.393] [settingssync] [info] GlobalState: No changes found during synchronizing ui state.
[2021-11-19 05:41:45.453] [settingssync] [info] Extensions: No changes found during synchronizing extensions.
[2021-11-19 05:41:45.454] [settingssync] [info] Sync done. Took 699ms
[2021-11-19 05:41:46.645] [settingssync] [info] Auto Sync: Triggered by Activity
[2021-11-19 05:41:46.999] [settingssync] [info] Settings: No changes found during synchronizing settings.
[2021-11-19 05:41:47.008] [settingssync] [info] Keybindings: No changes found during synchronizing keybindings.
[2021-11-19 05:41:47.015] [settingssync] [info] Snippets: No changes found during synchronizing snippets.
[2021-11-19 05:41:47.030] [settingssync] [info] GlobalState: No changes found during synchronizing ui state.
[2021-11-19 05:41:47.122] [settingssync] [info] Extensions: No changes found during synchronizing extensions.
[2021-11-19 05:41:47.123] [settingssync] [info] Sync done. Took 132ms
[2021-11-19 05:41:49.420] [settingssync] [info] Auto Sync: Triggered by Activity
[2021-11-19 05:41:50.489] [settingssync] [info] Settings: Updated remote settings
[2021-11-19 05:41:50.493] [settingssync] [info] Settings: Updated last synchronized settings
[2021-11-19 05:41:50.496] [settingssync] [info] Keybindings: No changes found during synchronizing keybindings.
[2021-11-19 05:41:50.500] [settingssync] [info] Snippets: No changes found during synchronizing snippets.
[2021-11-19 05:41:50.507] [settingssync] [info] GlobalState: No changes found during synchronizing ui state.
[2021-11-19 05:41:50.581] [settingssync] [info] Extensions: No changes found during synchronizing extensions.
[2021-11-19 05:41:50.584] [settingssync] [info] Sync done. Took 707ms
[2021-11-19 05:46:50.591] [settingssync] [info] Auto Sync: Triggered by Interval
[2021-11-19 05:46:51.868] [settingssync] [info] Settings: No changes found during synchronizing settings.
[2021-11-19 05:46:51.875] [settingssync] [info] Keybindings: No changes found during synchronizing keybindings.
[2021-11-19 05:46:51.883] [settingssync] [info] Snippets: No changes found during synchronizing snippets.
[2021-11-19 05:46:51.900] [settingssync] [info] GlobalState: No changes found during synchronizing ui state.
[2021-11-19 05:46:51.995] [settingssync] [info] Extensions: No changes found during synchronizing extensions.
[2021-11-19 05:46:51.996] [settingssync] [info] Sync done. Took 138ms
[2021-11-19 05:48:54.593] [settingssync] [info] Auto Sync: Triggered by Activity
[2021-11-19 05:48:54.869] [settingssync] [info] Settings: No changes found during synchronizing settings.
[2021-11-19 05:48:54.877] [settingssync] [info] Keybindings: No changes found during synchronizing keybindings.
[2021-11-19 05:48:54.885] [settingssync] [info] Snippets: No changes found during synchronizing snippets.
[2021-11-19 05:48:54.910] [settingssync] [info] GlobalState: No changes found during synchronizing ui state.
[2021-11-19 05:48:55.059] [settingssync] [info] Extensions: No changes found during synchronizing extensions.
[2021-11-19 05:48:55.061] [settingssync] [info] Sync done. Took 203ms
[2021-11-19 05:49:17.517] [settingssync] [info] Auto Sync: Triggered by Activity
[2021-11-19 05:49:17.887] [settingssync] [info] Settings: No changes found during synchronizing settings.
[2021-11-19 05:49:17.893] [settingssync] [info] Keybindings: No changes found during synchronizing keybindings.
[2021-11-19 05:49:17.900] [settingssync] [info] Snippets: No changes found during synchronizing snippets.
[2021-11-19 05:49:17.913] [settingssync] [info] GlobalState: No changes found during synchronizing ui state.
[2021-11-19 05:49:17.994] [settingssync] [info] Extensions: No changes found during synchronizing extensions.
[2021-11-19 05:49:17.995] [settingssync] [info] Sync done. Took 114ms
[2021-11-19 05:52:33.903] [settingssync] [info] Auto Sync: Triggered by Activity
[2021-11-19 05:52:35.113] [settingssync] [info] Settings: No changes found during synchronizing settings.
[2021-11-19 05:52:35.118] [settingssync] [info] Keybindings: No changes found during synchronizing keybindings.
[2021-11-19 05:52:35.123] [settingssync] [info] Snippets: No changes found during synchronizing snippets.
[2021-11-19 05:52:35.143] [settingssync] [info] GlobalState: No changes found during synchronizing ui state.
[2021-11-19 05:52:35.236] [settingssync] [info] Extensions: No changes found during synchronizing extensions.
[2021-11-19 05:52:35.239] [settingssync] [info] Sync done. Took 134ms
[2021-11-19 05:53:30.008] [settingssync] [info] Auto Sync: Triggered by Activity
[2021-11-19 05:53:30.414] [settingssync] [info] Settings: No changes found during synchronizing settings.
[2021-11-19 05:53:30.418] [settingssync] [info] Keybindings: No changes found during synchronizing keybindings.
[2021-11-19 05:53:30.425] [settingssync] [info] Snippets: No changes found during synchronizing snippets.
[2021-11-19 05:53:30.439] [settingssync] [info] GlobalState: No changes found during synchronizing ui state.
[2021-11-19 05:53:30.535] [settingssync] [info] Extensions: No changes found during synchronizing extensions.
[2021-11-19 05:53:30.537] [settingssync] [info] Sync done. Took 134ms
[2021-11-19 05:57:20.423] [settingssync] [info] Auto Sync: Triggered by Activity
[2021-11-19 05:57:22.693] [settingssync] [info] Settings: No changes found during synchronizing settings.
[2021-11-19 05:57:22.696] [settingssync] [info] Keybindings: No changes found during synchronizing keybindings.
[2021-11-19 05:57:22.699] [settingssync] [info] Snippets: No changes found during synchronizing snippets.
[2021-11-19 05:57:22.709] [settingssync] [info] GlobalState: No changes found during synchronizing ui state.
[2021-11-19 05:57:22.775] [settingssync] [info] Extensions: No changes found during synchronizing extensions.
[2021-11-19 05:57:22.777] [settingssync] [info] Sync done. Took 90ms
[2021-11-19 06:00:40.831] [settingssync] [info] Auto Sync: Triggered by Activity
[2021-11-19 06:00:41.931] [settingssync] [info] Settings: No changes found during synchronizing settings.
[2021-11-19 06:00:41.935] [settingssync] [info] Keybindings: No changes found during synchronizing keybindings.
[2021-11-19 06:00:41.939] [settingssync] [info] Snippets: No changes found during synchronizing snippets.
[2021-11-19 06:00:41.959] [settingssync] [info] GlobalState: No changes found during synchronizing ui state.
[2021-11-19 06:00:42.043] [settingssync] [info] Extensions: No changes found during synchronizing extensions.
[2021-11-19 06:00:42.044] [settingssync] [info] Sync done. Took 124ms
[2021-11-19 06:01:36.897] [settingssync] [info] Auto Sync: Triggered by Activity
[2021-11-19 06:01:37.327] [settingssync] [info] Settings: No changes found during synchronizing settings.
[2021-11-19 06:01:37.334] [settingssync] [info] Keybindings: No changes found during synchronizing keybindings.
[2021-11-19 06:01:37.342] [settingssync] [info] Snippets: No changes found during synchronizing snippets.
[2021-11-19 06:01:37.361] [settingssync] [info] GlobalState: No changes found during synchronizing ui state.
[2021-11-19 06:01:37.460] [settingssync] [info] Extensions: No changes found during synchronizing extensions.
[2021-11-19 06:01:37.461] [settingssync] [info] Sync done. Took 141ms
[2021-11-19 06:01:56.618] [settingssync] [info] Auto Sync: Triggered by Activity
[2021-11-19 06:01:56.990] [settingssync] [info] Settings: No changes found during synchronizing settings.
[2021-11-19 06:01:56.997] [settingssync] [info] Keybindings: No changes found during synchronizing keybindings.
[2021-11-19 06:01:57.003] [settingssync] [info] Snippets: No changes found during synchronizing snippets.
[2021-11-19 06:01:57.028] [settingssync] [info] GlobalState: No changes found during synchronizing ui state.
[2021-11-19 06:01:57.141] [settingssync] [info] Extensions: No changes found during synchronizing extensions.
[2021-11-19 06:01:57.142] [settingssync] [info] Sync done. Took 161ms
[2021-11-19 06:05:01.820] [settingssync] [info] Auto Sync: Triggered by Activity
[2021-11-19 06:05:03.053] [settingssync] [info] Settings: No changes found during synchronizing settings.
[2021-11-19 06:05:03.058] [settingssync] [info] Keybindings: No changes found during synchronizing keybindings.
[2021-11-19 06:05:03.062] [settingssync] [info] Snippets: No changes found during synchronizing snippets.
[2021-11-19 06:05:03.085] [settingssync] [info] GlobalState: No changes found during synchronizing ui state.
[2021-11-19 06:05:03.203] [settingssync] [info] Extensions: No changes found during synchronizing extensions.
[2021-11-19 06:05:03.204] [settingssync] [info] Sync done. Took 159ms
[2021-11-19 06:09:57.659] [settingssync] [info] Auto Sync: Triggered by Activity
[2021-11-19 06:09:58.682] [settingssync] [info] Settings: No changes found during synchronizing settings.
[2021-11-19 06:09:58.687] [settingssync] [info] Keybindings: No changes found during synchronizing keybindings.
[2021-11-19 06:09:58.691] [settingssync] [info] Snippets: No changes found during synchronizing snippets.
[2021-11-19 06:09:58.706] [settingssync] [info] GlobalState: No changes found during synchronizing ui state.
[2021-11-19 06:09:58.786] [settingssync] [info] Extensions: No changes found during synchronizing extensions.
[2021-11-19 06:09:58.787] [settingssync] [info] Sync done. Took 110ms
[2021-11-19 06:12:47.479] [settingssync] [info] Auto Sync: Triggered by Activity
[2021-11-19 06:12:48.688] [settingssync] [info] Settings: No changes found during synchronizing settings.
[2021-11-19 06:12:48.694] [settingssync] [info] Keybindings: No changes found during synchronizing keybindings.
[2021-11-19 06:12:48.700] [settingssync] [info] Snippets: No changes found during synchronizing snippets.
[2021-11-19 06:12:48.720] [settingssync] [info] GlobalState: No changes found during synchronizing ui state.
[2021-11-19 06:12:48.840] [settingssync] [info] Extensions: No changes found during synchronizing extensions.
[2021-11-19 06:12:48.842] [settingssync] [info] Sync done. Took 162ms
[2021-11-19 06:17:48.850] [settingssync] [info] Auto Sync: Triggered by Interval
[2021-11-19 06:17:49.944] [settingssync] [info] Settings: No changes found during synchronizing settings.
[2021-11-19 06:17:49.950] [settingssync] [info] Keybindings: No changes found during synchronizing keybindings.
[2021-11-19 06:17:49.956] [settingssync] [info] Snippets: No changes found during synchronizing snippets.
[2021-11-19 06:17:49.980] [settingssync] [info] GlobalState: No changes found during synchronizing ui state.
[2021-11-19 06:17:50.093] [settingssync] [info] Extensions: No changes found during synchronizing extensions.
[2021-11-19 06:17:50.098] [settingssync] [info] Sync done. Took 171ms
[2021-11-19 06:19:09.143] [settingssync] [info] Auto Sync: Triggered by Activity
[2021-11-19 06:19:09.500] [settingssync] [info] Settings: No changes found during synchronizing settings.
[2021-11-19 06:19:09.506] [settingssync] [info] Keybindings: No changes found during synchronizing keybindings.
[2021-11-19 06:19:09.513] [settingssync] [info] Snippets: No changes found during synchronizing snippets.
[2021-11-19 06:19:09.530] [settingssync] [info] GlobalState: No changes found during synchronizing ui state.
[2021-11-19 06:19:09.615] [settingssync] [info] Extensions: No changes found during synchronizing extensions.
[2021-11-19 06:19:09.616] [settingssync] [info] Sync done. Took 125ms
[2021-11-19 06:19:41.795] [settingssync] [info] Auto Sync: Triggered by Activity
[2021-11-19 06:19:42.089] [settingssync] [info] Settings: No changes found during synchronizing settings.
[2021-11-19 06:19:42.095] [settingssync] [info] Keybindings: No changes found during synchronizing keybindings.
[2021-11-19 06:19:42.103] [settingssync] [info] Snippets: No changes found during synchronizing snippets.
[2021-11-19 06:19:42.124] [settingssync] [info] GlobalState: No changes found during synchronizing ui state.
[2021-11-19 06:19:42.216] [settingssync] [info] Extensions: No changes found during synchronizing extensions.
[2021-11-19 06:19:42.218] [settingssync] [info] Sync done. Took 135ms
[2021-11-19 06:21:03.749] [settingssync] [info] Auto Sync: Triggered by Activity
[2021-11-19 06:21:04.190] [settingssync] [info] Settings: No changes found during synchronizing settings.
[2021-11-19 06:21:04.194] [settingssync] [info] Keybindings: No changes found during synchronizing keybindings.
[2021-11-19 06:21:04.198] [settingssync] [info] Snippets: No changes found during synchronizing snippets.
[2021-11-19 06:21:04.215] [settingssync] [info] GlobalState: No changes found during synchronizing ui state.
[2021-11-19 06:21:04.338] [settingssync] [info] Extensions: No changes found during synchronizing extensions.
[2021-11-19 06:21:04.339] [settingssync] [info] Sync done. Took 155ms
[2021-11-19 06:22:39.468] [settingssync] [info] Auto Sync: Triggered by Activity
[2021-11-19 06:22:39.757] [settingssync] [info] Settings: No changes found during synchronizing settings.
[2021-11-19 06:22:39.760] [settingssync] [info] Keybindings: No changes found during synchronizing keybindings.
[2021-11-19 06:22:39.762] [settingssync] [info] Snippets: No changes found during synchronizing snippets.
[2021-11-19 06:22:39.773] [settingssync] [info] GlobalState: No changes found during synchronizing ui state.
[2021-11-19 06:22:39.837] [settingssync] [info] Extensions: No changes found during synchronizing extensions.
[2021-11-19 06:22:39.838] [settingssync] [info] Sync done. Took 84ms
[2021-11-19 06:24:09.426] [settingssync] [info] Auto Sync: Triggered by Activity
[2021-11-19 06:24:09.839] [settingssync] [info] Settings: No changes found during synchronizing settings.
[2021-11-19 06:24:09.844] [settingssync] [info] Keybindings: No changes found during synchronizing keybindings.
[2021-11-19 06:24:09.850] [settingssync] [info] Snippets: No changes found during synchronizing snippets.
[2021-11-19 06:24:09.872] [settingssync] [info] GlobalState: No changes found during synchronizing ui state.
[2021-11-19 06:24:09.981] [settingssync] [info] Extensions: No changes found during synchronizing extensions.
[2021-11-19 06:24:09.983] [settingssync] [info] Sync done. Took 150ms
[2021-11-19 06:24:23.826] [settingssync] [info] Auto Sync: Triggered by Activity
[2021-11-19 06:24:24.279] [settingssync] [info] Settings: No changes found during synchronizing settings.
[2021-11-19 06:24:24.284] [settingssync] [info] Keybindings: No changes found during synchronizing keybindings.
[2021-11-19 06:24:24.287] [settingssync] [info] Snippets: No changes found during synchronizing snippets.
[2021-11-19 06:24:24.304] [settingssync] [info] GlobalState: No changes found during synchronizing ui state.
[2021-11-19 06:24:24.403] [settingssync] [info] Extensions: No changes found during synchronizing extensions.
[2021-11-19 06:24:24.404] [settingssync] [info] Sync done. Took 132ms
[2021-11-19 06:26:17.930] [settingssync] [info] Auto Sync: Triggered by Activity
[2021-11-19 06:26:18.355] [settingssync] [info] Settings: No changes found during synchronizing settings.
[2021-11-19 06:26:18.360] [settingssync] [info] Keybindings: No changes found during synchronizing keybindings.
[2021-11-19 06:26:18.365] [settingssync] [info] Snippets: No changes found during synchronizing snippets.
[2021-11-19 06:26:18.388] [settingssync] [info] GlobalState: No changes found during synchronizing ui state.
[2021-11-19 06:26:18.486] [settingssync] [info] Extensions: No changes found during synchronizing extensions.
[2021-11-19 06:26:18.488] [settingssync] [info] Sync done. Took 139ms
[2021-11-19 06:29:47.624] [settingssync] [info] Auto Sync: Triggered by Activity
[2021-11-19 06:29:48.887] [settingssync] [info] Settings: No changes found during synchronizing settings.
[2021-11-19 06:29:48.892] [settingssync] [info] Keybindings: No changes found during synchronizing keybindings.
[2021-11-19 06:29:48.897] [settingssync] [info] Snippets: No changes found during synchronizing snippets.
[2021-11-19 06:29:48.910] [settingssync] [info] GlobalState: No changes found during synchronizing ui state.
[2021-11-19 06:29:49.013] [settingssync] [info] Extensions: No changes found during synchronizing extensions.
[2021-11-19 06:29:49.014] [settingssync] [info] Sync done. Took 131ms
[2021-11-19 06:30:14.211] [settingssync] [info] Auto Sync: Triggered by Activity
[2021-11-19 06:30:14.674] [settingssync] [info] Settings: No changes found during synchronizing settings.
[2021-11-19 06:30:14.676] [settingssync] [info] Keybindings: No changes found during synchronizing keybindings.
[2021-11-19 06:30:14.678] [settingssync] [info] Snippets: No changes found during synchronizing snippets.
[2021-11-19 06:30:14.687] [settingssync] [info] GlobalState: No changes found during synchronizing ui state.
[2021-11-19 06:30:14.745] [settingssync] [info] Extensions: No changes found during synchronizing extensions.
[2021-11-19 06:30:14.746] [settingssync] [info] Sync done. Took 76ms
[2021-11-19 06:30:46.797] [settingssync] [info] Auto Sync: Triggered by Activity
[2021-11-19 06:30:47.261] [settingssync] [info] Settings: No changes found during synchronizing settings.
[2021-11-19 06:30:47.265] [settingssync] [info] Keybindings: No changes found during synchronizing keybindings.
[2021-11-19 06:30:47.271] [settingssync] [info] Snippets: No changes found during synchronizing snippets.
[2021-11-19 06:30:47.292] [settingssync] [info] GlobalState: No changes found during synchronizing ui state.
[2021-11-19 06:30:47.376] [settingssync] [info] Extensions: No changes found during synchronizing extensions.
[2021-11-19 06:30:47.377] [settingssync] [info] Sync done. Took 124ms
[2021-11-19 06:30:57.622] [settingssync] [info] Auto Sync: Triggered by Activity
[2021-11-19 06:30:58.007] [settingssync] [info] Settings: No changes found during synchronizing settings.
[2021-11-19 06:30:58.013] [settingssync] [info] Keybindings: No changes found during synchronizing keybindings.
[2021-11-19 06:30:58.018] [settingssync] [info] Snippets: No changes found during synchronizing snippets.
[2021-11-19 06:30:58.038] [settingssync] [info] GlobalState: No changes found during synchronizing ui state.
[2021-11-19 06:30:58.119] [settingssync] [info] Extensions: No changes found during synchronizing extensions.
[2021-11-19 06:30:58.121] [settingssync] [info] Sync done. Took 117ms
[2021-11-19 06:31:12.660] [settingssync] [info] Auto Sync: Triggered by Activity
[2021-11-19 06:31:13.163] [settingssync] [info] Settings: No changes found during synchronizing settings.
[2021-11-19 06:31:13.167] [settingssync] [info] Keybindings: No changes found during synchronizing keybindings.
[2021-11-19 06:31:13.169] [settingssync] [info] Snippets: No changes found during synchronizing snippets.
[2021-11-19 06:31:13.179] [settingssync] [info] GlobalState: No changes found during synchronizing ui state.
[2021-11-19 06:31:13.254] [settingssync] [info] Extensions: No changes found during synchronizing extensions.
[2021-11-19 06:31:13.255] [settingssync] [info] Sync done. Took 97ms
[2021-11-19 06:31:47.333] [settingssync] [info] Auto Sync: Triggered by Activity
[2021-11-19 06:31:47.687] [settingssync] [info] Settings: No changes found during synchronizing settings.
[2021-11-19 06:31:47.692] [settingssync] [info] Keybindings: No changes found during synchronizing keybindings.
[2021-11-19 06:31:47.698] [settingssync] [info] Snippets: No changes found during synchronizing snippets.
[2021-11-19 06:31:47.721] [settingssync] [info] GlobalState: No changes found during synchronizing ui state.
[2021-11-19 06:31:47.814] [settingssync] [info] Extensions: No changes found during synchronizing extensions.
[2021-11-19 06:31:47.815] [settingssync] [info] Sync done. Took 134ms
[2021-11-19 06:32:32.019] [settingssync] [info] Auto Sync: Triggered by Activity
[2021-11-19 06:32:32.316] [settingssync] [info] Settings: No changes found during synchronizing settings.
[2021-11-19 06:32:32.318] [settingssync] [info] Keybindings: No changes found during synchronizing keybindings.
[2021-11-19 06:32:32.321] [settingssync] [info] Snippets: No changes found during synchronizing snippets.
[2021-11-19 06:32:32.330] [settingssync] [info] GlobalState: No changes found during synchronizing ui state.
[2021-11-19 06:32:32.385] [settingssync] [info] Extensions: No changes found during synchronizing extensions.
[2021-11-19 06:32:32.387] [settingssync] [info] Sync done. Took 75ms
[2021-11-19 06:35:01.128] [settingssync] [info] Auto Sync: Triggered by Activity
[2021-11-19 06:35:02.386] [settingssync] [info] Settings: No changes found during synchronizing settings.
[2021-11-19 06:35:02.390] [settingssync] [info] Keybindings: No changes found during synchronizing keybindings.
[2021-11-19 06:35:02.394] [settingssync] [info] Snippets: No changes found during synchronizing snippets.
[2021-11-19 06:35:02.413] [settingssync] [info] GlobalState: No changes found during synchronizing ui state.
[2021-11-19 06:35:02.496] [settingssync] [info] Extensions: No changes found during synchronizing extensions.
[2021-11-19 06:35:02.498] [settingssync] [info] Sync done. Took 119ms
[2021-11-19 06:35:14.648] [settingssync] [info] Auto Sync: Triggered by Activity
[2021-11-19 06:35:15.099] [settingssync] [info] Settings: No changes found during synchronizing settings.
[2021-11-19 06:35:15.102] [settingssync] [info] Keybindings: No changes found during synchronizing keybindings.
[2021-11-19 06:35:15.105] [settingssync] [info] Snippets: No changes found during synchronizing snippets.
[2021-11-19 06:35:15.116] [settingssync] [info] GlobalState: No changes found during synchronizing ui state.
[2021-11-19 06:35:15.209] [settingssync] [info] Extensions: No changes found during synchronizing extensions.
[2021-11-19 06:35:15.211] [settingssync] [info] Sync done. Took 117ms
[2021-11-19 06:52:06.996] [settingssync] [info] Auto Sync: Triggered by Activity
[2021-11-19 06:52:08.086] [settingssync] [info] Settings: No changes found during synchronizing settings.
[2021-11-19 06:52:08.090] [settingssync] [info] Keybindings: No changes found during synchronizing keybindings.
[2021-11-19 06:52:08.095] [settingssync] [info] Snippets: No changes found during synchronizing snippets.
[2021-11-19 06:52:08.113] [settingssync] [info] GlobalState: No changes found during synchronizing ui state.
[2021-11-19 06:52:08.322] [settingssync] [info] Extensions: No changes found during synchronizing extensions.
[2021-11-19 06:52:08.323] [settingssync] [info] Sync done. Took 244ms
