[Info  - 02:36:28.60] Reading sessions from keychain...
[Info  - 02:36:28.74] Getting sessions for all scopes...
[Info  - 02:36:28.74] Getting sessions for all scopes...
[Info  - 02:36:28.75] Got 0 sessions for all scopes...
[Info  - 02:36:28.75] Got 0 sessions for all scopes...
[Info  - 02:36:44.652] Getting sessions for all scopes...
[Info  - 02:36:44.652] Got 0 sessions for all scopes...
[Info  - 02:36:48.36] Getting sessions for all scopes...
[Info  - 02:36:48.36] Got 0 sessions for all scopes...
[Info  - 02:36:54.617] Getting sessions for all scopes...
[Info  - 02:36:54.617] Got 0 sessions for all scopes...
[Info  - 02:36:57.543] Logging in for the following scopes: user:email
[Trace  - 02:37:34.510] Handling Uri...
[Info  - 02:37:34.511] Exchanging code for token...
[Info  - 02:37:36.730] Token exchange success!
[Info  - 02:37:36.731] Getting user info...
[Info  - 02:37:38.546] Got account info!
[Info  - 02:37:38.547] Storing 1 sessions...
[Info  - 02:37:45.622] Reading sessions from keychain...
[Info  - 02:37:45.627] Stored 1 sessions!
[Info  - 02:37:45.628] Login success!
[Info  - 02:37:45.635] Getting sessions for all scopes...
[Info  - 02:37:45.635] Getting sessions for all scopes...
[Trace  - 02:37:45.635] Token acquired from secret storage.
[Info  - 02:37:45.635] Got stored sessions!
[Trace  - 02:37:45.636] Read the following session from the keychain with the following scopes: user:email
[Info  - 02:37:45.636] Got 1 verified sessions.
[Info  - 02:37:45.636] Got 1 sessions for all scopes...
[Info  - 02:37:45.636] Got 1 sessions for all scopes...
[Info  - 02:38:05.97] Getting sessions for all scopes...
[Info  - 02:38:05.97] Got 1 sessions for all scopes...
